Created by PLY version 3.11 (http://www.dabeaz.com/ply)

Grammar

Rule 0     S' -> oracion
Rule 1     oracion -> TEXTO
Rule 2     TEXTO -> SUJETO
Rule 3     TEXTO -> PRONOMBRES
Rule 4     TEXTO -> SUSTANTIVOS
Rule 5     TEXTO -> VERBOS
Rule 6     TEXTO -> ADJETIVO
Rule 7     TEXTO -> ADVERBIOS
Rule 8     TEXTO -> PREPOSICIONES
Rule 9     TEXTO -> ARTICULOS
Rule 10    TEXTO -> DEMOSTRATIVOS
Rule 11    TEXTO -> POSESIVOS
Rule 12    oracion -> SUJETO VERBOS
Rule 13    oracion -> TEXTO TEXTO
Rule 14    oracion -> SUJETO VERBOS TEXTO
Rule 15    oracion -> TEXTO TEXTO TEXTO
Rule 16    oracion -> SUJETO VERBOS TEXTO TEXTO
Rule 17    oracion -> TEXTO TEXTO TEXTO TEXTO
Rule 18    oracion -> SUJETO VERBOS TEXTO TEXTO TEXTO
Rule 19    oracion -> TEXTO TEXTO TEXTO TEXTO TEXTO
Rule 20    oracion -> SUJETO VERBOS TEXTO TEXTO TEXTO TEXTO
Rule 21    oracion -> TEXTO TEXTO TEXTO TEXTO TEXTO TEXTO

Terminals, with rules where they appear

ADJETIVO             : 6
ADVERBIOS            : 7
ARTICULOS            : 9
DEMOSTRATIVOS        : 10
POSESIVOS            : 11
PREPOSICIONES        : 8
PRONOMBRES           : 3
SUJETO               : 2 12 14 16 18 20
SUSTANTIVOS          : 4
VERBOS               : 5 12 14 16 18 20
error                : 

Nonterminals, with rules where they appear

TEXTO                : 1 13 13 14 15 15 15 16 16 17 17 17 17 18 18 18 19 19 19 19 19 20 20 20 20 21 21 21 21 21 21
oracion              : 0

Parsing method: LALR

state 0

    (0) S' -> . oracion
    (1) oracion -> . TEXTO
    (12) oracion -> . SUJETO VERBOS
    (13) oracion -> . TEXTO TEXTO
    (14) oracion -> . SUJETO VERBOS TEXTO
    (15) oracion -> . TEXTO TEXTO TEXTO
    (16) oracion -> . SUJETO VERBOS TEXTO TEXTO
    (17) oracion -> . TEXTO TEXTO TEXTO TEXTO
    (18) oracion -> . SUJETO VERBOS TEXTO TEXTO TEXTO
    (19) oracion -> . TEXTO TEXTO TEXTO TEXTO TEXTO
    (20) oracion -> . SUJETO VERBOS TEXTO TEXTO TEXTO TEXTO
    (21) oracion -> . TEXTO TEXTO TEXTO TEXTO TEXTO TEXTO
    (2) TEXTO -> . SUJETO
    (3) TEXTO -> . PRONOMBRES
    (4) TEXTO -> . SUSTANTIVOS
    (5) TEXTO -> . VERBOS
    (6) TEXTO -> . ADJETIVO
    (7) TEXTO -> . ADVERBIOS
    (8) TEXTO -> . PREPOSICIONES
    (9) TEXTO -> . ARTICULOS
    (10) TEXTO -> . DEMOSTRATIVOS
    (11) TEXTO -> . POSESIVOS

    SUJETO          shift and go to state 3
    PRONOMBRES      shift and go to state 5
    SUSTANTIVOS     shift and go to state 6
    VERBOS          shift and go to state 4
    ADJETIVO        shift and go to state 7
    ADVERBIOS       shift and go to state 8
    PREPOSICIONES   shift and go to state 9
    ARTICULOS       shift and go to state 10
    DEMOSTRATIVOS   shift and go to state 11
    POSESIVOS       shift and go to state 12

    oracion                        shift and go to state 1
    TEXTO                          shift and go to state 2

state 1

    (0) S' -> oracion .



state 2

    (1) oracion -> TEXTO .
    (13) oracion -> TEXTO . TEXTO
    (15) oracion -> TEXTO . TEXTO TEXTO
    (17) oracion -> TEXTO . TEXTO TEXTO TEXTO
    (19) oracion -> TEXTO . TEXTO TEXTO TEXTO TEXTO
    (21) oracion -> TEXTO . TEXTO TEXTO TEXTO TEXTO TEXTO
    (2) TEXTO -> . SUJETO
    (3) TEXTO -> . PRONOMBRES
    (4) TEXTO -> . SUSTANTIVOS
    (5) TEXTO -> . VERBOS
    (6) TEXTO -> . ADJETIVO
    (7) TEXTO -> . ADVERBIOS
    (8) TEXTO -> . PREPOSICIONES
    (9) TEXTO -> . ARTICULOS
    (10) TEXTO -> . DEMOSTRATIVOS
    (11) TEXTO -> . POSESIVOS

    $end            reduce using rule 1 (oracion -> TEXTO .)
    SUJETO          shift and go to state 14
    PRONOMBRES      shift and go to state 5
    SUSTANTIVOS     shift and go to state 6
    VERBOS          shift and go to state 4
    ADJETIVO        shift and go to state 7
    ADVERBIOS       shift and go to state 8
    PREPOSICIONES   shift and go to state 9
    ARTICULOS       shift and go to state 10
    DEMOSTRATIVOS   shift and go to state 11
    POSESIVOS       shift and go to state 12

    TEXTO                          shift and go to state 13

state 3

    (12) oracion -> SUJETO . VERBOS
    (14) oracion -> SUJETO . VERBOS TEXTO
    (16) oracion -> SUJETO . VERBOS TEXTO TEXTO
    (18) oracion -> SUJETO . VERBOS TEXTO TEXTO TEXTO
    (20) oracion -> SUJETO . VERBOS TEXTO TEXTO TEXTO TEXTO
    (2) TEXTO -> SUJETO .

  ! shift/reduce conflict for VERBOS resolved as shift
    VERBOS          shift and go to state 15
    SUJETO          reduce using rule 2 (TEXTO -> SUJETO .)
    PRONOMBRES      reduce using rule 2 (TEXTO -> SUJETO .)
    SUSTANTIVOS     reduce using rule 2 (TEXTO -> SUJETO .)
    ADJETIVO        reduce using rule 2 (TEXTO -> SUJETO .)
    ADVERBIOS       reduce using rule 2 (TEXTO -> SUJETO .)
    PREPOSICIONES   reduce using rule 2 (TEXTO -> SUJETO .)
    ARTICULOS       reduce using rule 2 (TEXTO -> SUJETO .)
    DEMOSTRATIVOS   reduce using rule 2 (TEXTO -> SUJETO .)
    POSESIVOS       reduce using rule 2 (TEXTO -> SUJETO .)
    $end            reduce using rule 2 (TEXTO -> SUJETO .)

  ! VERBOS          [ reduce using rule 2 (TEXTO -> SUJETO .) ]


state 4

    (5) TEXTO -> VERBOS .

    SUJETO          reduce using rule 5 (TEXTO -> VERBOS .)
    PRONOMBRES      reduce using rule 5 (TEXTO -> VERBOS .)
    SUSTANTIVOS     reduce using rule 5 (TEXTO -> VERBOS .)
    VERBOS          reduce using rule 5 (TEXTO -> VERBOS .)
    ADJETIVO        reduce using rule 5 (TEXTO -> VERBOS .)
    ADVERBIOS       reduce using rule 5 (TEXTO -> VERBOS .)
    PREPOSICIONES   reduce using rule 5 (TEXTO -> VERBOS .)
    ARTICULOS       reduce using rule 5 (TEXTO -> VERBOS .)
    DEMOSTRATIVOS   reduce using rule 5 (TEXTO -> VERBOS .)
    POSESIVOS       reduce using rule 5 (TEXTO -> VERBOS .)
    $end            reduce using rule 5 (TEXTO -> VERBOS .)


state 5

    (3) TEXTO -> PRONOMBRES .

    SUJETO          reduce using rule 3 (TEXTO -> PRONOMBRES .)
    PRONOMBRES      reduce using rule 3 (TEXTO -> PRONOMBRES .)
    SUSTANTIVOS     reduce using rule 3 (TEXTO -> PRONOMBRES .)
    VERBOS          reduce using rule 3 (TEXTO -> PRONOMBRES .)
    ADJETIVO        reduce using rule 3 (TEXTO -> PRONOMBRES .)
    ADVERBIOS       reduce using rule 3 (TEXTO -> PRONOMBRES .)
    PREPOSICIONES   reduce using rule 3 (TEXTO -> PRONOMBRES .)
    ARTICULOS       reduce using rule 3 (TEXTO -> PRONOMBRES .)
    DEMOSTRATIVOS   reduce using rule 3 (TEXTO -> PRONOMBRES .)
    POSESIVOS       reduce using rule 3 (TEXTO -> PRONOMBRES .)
    $end            reduce using rule 3 (TEXTO -> PRONOMBRES .)


state 6

    (4) TEXTO -> SUSTANTIVOS .

    SUJETO          reduce using rule 4 (TEXTO -> SUSTANTIVOS .)
    PRONOMBRES      reduce using rule 4 (TEXTO -> SUSTANTIVOS .)
    SUSTANTIVOS     reduce using rule 4 (TEXTO -> SUSTANTIVOS .)
    VERBOS          reduce using rule 4 (TEXTO -> SUSTANTIVOS .)
    ADJETIVO        reduce using rule 4 (TEXTO -> SUSTANTIVOS .)
    ADVERBIOS       reduce using rule 4 (TEXTO -> SUSTANTIVOS .)
    PREPOSICIONES   reduce using rule 4 (TEXTO -> SUSTANTIVOS .)
    ARTICULOS       reduce using rule 4 (TEXTO -> SUSTANTIVOS .)
    DEMOSTRATIVOS   reduce using rule 4 (TEXTO -> SUSTANTIVOS .)
    POSESIVOS       reduce using rule 4 (TEXTO -> SUSTANTIVOS .)
    $end            reduce using rule 4 (TEXTO -> SUSTANTIVOS .)


state 7

    (6) TEXTO -> ADJETIVO .

    SUJETO          reduce using rule 6 (TEXTO -> ADJETIVO .)
    PRONOMBRES      reduce using rule 6 (TEXTO -> ADJETIVO .)
    SUSTANTIVOS     reduce using rule 6 (TEXTO -> ADJETIVO .)
    VERBOS          reduce using rule 6 (TEXTO -> ADJETIVO .)
    ADJETIVO        reduce using rule 6 (TEXTO -> ADJETIVO .)
    ADVERBIOS       reduce using rule 6 (TEXTO -> ADJETIVO .)
    PREPOSICIONES   reduce using rule 6 (TEXTO -> ADJETIVO .)
    ARTICULOS       reduce using rule 6 (TEXTO -> ADJETIVO .)
    DEMOSTRATIVOS   reduce using rule 6 (TEXTO -> ADJETIVO .)
    POSESIVOS       reduce using rule 6 (TEXTO -> ADJETIVO .)
    $end            reduce using rule 6 (TEXTO -> ADJETIVO .)


state 8

    (7) TEXTO -> ADVERBIOS .

    SUJETO          reduce using rule 7 (TEXTO -> ADVERBIOS .)
    PRONOMBRES      reduce using rule 7 (TEXTO -> ADVERBIOS .)
    SUSTANTIVOS     reduce using rule 7 (TEXTO -> ADVERBIOS .)
    VERBOS          reduce using rule 7 (TEXTO -> ADVERBIOS .)
    ADJETIVO        reduce using rule 7 (TEXTO -> ADVERBIOS .)
    ADVERBIOS       reduce using rule 7 (TEXTO -> ADVERBIOS .)
    PREPOSICIONES   reduce using rule 7 (TEXTO -> ADVERBIOS .)
    ARTICULOS       reduce using rule 7 (TEXTO -> ADVERBIOS .)
    DEMOSTRATIVOS   reduce using rule 7 (TEXTO -> ADVERBIOS .)
    POSESIVOS       reduce using rule 7 (TEXTO -> ADVERBIOS .)
    $end            reduce using rule 7 (TEXTO -> ADVERBIOS .)


state 9

    (8) TEXTO -> PREPOSICIONES .

    SUJETO          reduce using rule 8 (TEXTO -> PREPOSICIONES .)
    PRONOMBRES      reduce using rule 8 (TEXTO -> PREPOSICIONES .)
    SUSTANTIVOS     reduce using rule 8 (TEXTO -> PREPOSICIONES .)
    VERBOS          reduce using rule 8 (TEXTO -> PREPOSICIONES .)
    ADJETIVO        reduce using rule 8 (TEXTO -> PREPOSICIONES .)
    ADVERBIOS       reduce using rule 8 (TEXTO -> PREPOSICIONES .)
    PREPOSICIONES   reduce using rule 8 (TEXTO -> PREPOSICIONES .)
    ARTICULOS       reduce using rule 8 (TEXTO -> PREPOSICIONES .)
    DEMOSTRATIVOS   reduce using rule 8 (TEXTO -> PREPOSICIONES .)
    POSESIVOS       reduce using rule 8 (TEXTO -> PREPOSICIONES .)
    $end            reduce using rule 8 (TEXTO -> PREPOSICIONES .)


state 10

    (9) TEXTO -> ARTICULOS .

    SUJETO          reduce using rule 9 (TEXTO -> ARTICULOS .)
    PRONOMBRES      reduce using rule 9 (TEXTO -> ARTICULOS .)
    SUSTANTIVOS     reduce using rule 9 (TEXTO -> ARTICULOS .)
    VERBOS          reduce using rule 9 (TEXTO -> ARTICULOS .)
    ADJETIVO        reduce using rule 9 (TEXTO -> ARTICULOS .)
    ADVERBIOS       reduce using rule 9 (TEXTO -> ARTICULOS .)
    PREPOSICIONES   reduce using rule 9 (TEXTO -> ARTICULOS .)
    ARTICULOS       reduce using rule 9 (TEXTO -> ARTICULOS .)
    DEMOSTRATIVOS   reduce using rule 9 (TEXTO -> ARTICULOS .)
    POSESIVOS       reduce using rule 9 (TEXTO -> ARTICULOS .)
    $end            reduce using rule 9 (TEXTO -> ARTICULOS .)


state 11

    (10) TEXTO -> DEMOSTRATIVOS .

    SUJETO          reduce using rule 10 (TEXTO -> DEMOSTRATIVOS .)
    PRONOMBRES      reduce using rule 10 (TEXTO -> DEMOSTRATIVOS .)
    SUSTANTIVOS     reduce using rule 10 (TEXTO -> DEMOSTRATIVOS .)
    VERBOS          reduce using rule 10 (TEXTO -> DEMOSTRATIVOS .)
    ADJETIVO        reduce using rule 10 (TEXTO -> DEMOSTRATIVOS .)
    ADVERBIOS       reduce using rule 10 (TEXTO -> DEMOSTRATIVOS .)
    PREPOSICIONES   reduce using rule 10 (TEXTO -> DEMOSTRATIVOS .)
    ARTICULOS       reduce using rule 10 (TEXTO -> DEMOSTRATIVOS .)
    DEMOSTRATIVOS   reduce using rule 10 (TEXTO -> DEMOSTRATIVOS .)
    POSESIVOS       reduce using rule 10 (TEXTO -> DEMOSTRATIVOS .)
    $end            reduce using rule 10 (TEXTO -> DEMOSTRATIVOS .)


state 12

    (11) TEXTO -> POSESIVOS .

    SUJETO          reduce using rule 11 (TEXTO -> POSESIVOS .)
    PRONOMBRES      reduce using rule 11 (TEXTO -> POSESIVOS .)
    SUSTANTIVOS     reduce using rule 11 (TEXTO -> POSESIVOS .)
    VERBOS          reduce using rule 11 (TEXTO -> POSESIVOS .)
    ADJETIVO        reduce using rule 11 (TEXTO -> POSESIVOS .)
    ADVERBIOS       reduce using rule 11 (TEXTO -> POSESIVOS .)
    PREPOSICIONES   reduce using rule 11 (TEXTO -> POSESIVOS .)
    ARTICULOS       reduce using rule 11 (TEXTO -> POSESIVOS .)
    DEMOSTRATIVOS   reduce using rule 11 (TEXTO -> POSESIVOS .)
    POSESIVOS       reduce using rule 11 (TEXTO -> POSESIVOS .)
    $end            reduce using rule 11 (TEXTO -> POSESIVOS .)


state 13

    (13) oracion -> TEXTO TEXTO .
    (15) oracion -> TEXTO TEXTO . TEXTO
    (17) oracion -> TEXTO TEXTO . TEXTO TEXTO
    (19) oracion -> TEXTO TEXTO . TEXTO TEXTO TEXTO
    (21) oracion -> TEXTO TEXTO . TEXTO TEXTO TEXTO TEXTO
    (2) TEXTO -> . SUJETO
    (3) TEXTO -> . PRONOMBRES
    (4) TEXTO -> . SUSTANTIVOS
    (5) TEXTO -> . VERBOS
    (6) TEXTO -> . ADJETIVO
    (7) TEXTO -> . ADVERBIOS
    (8) TEXTO -> . PREPOSICIONES
    (9) TEXTO -> . ARTICULOS
    (10) TEXTO -> . DEMOSTRATIVOS
    (11) TEXTO -> . POSESIVOS

    $end            reduce using rule 13 (oracion -> TEXTO TEXTO .)
    SUJETO          shift and go to state 14
    PRONOMBRES      shift and go to state 5
    SUSTANTIVOS     shift and go to state 6
    VERBOS          shift and go to state 4
    ADJETIVO        shift and go to state 7
    ADVERBIOS       shift and go to state 8
    PREPOSICIONES   shift and go to state 9
    ARTICULOS       shift and go to state 10
    DEMOSTRATIVOS   shift and go to state 11
    POSESIVOS       shift and go to state 12

    TEXTO                          shift and go to state 16

state 14

    (2) TEXTO -> SUJETO .

    SUJETO          reduce using rule 2 (TEXTO -> SUJETO .)
    PRONOMBRES      reduce using rule 2 (TEXTO -> SUJETO .)
    SUSTANTIVOS     reduce using rule 2 (TEXTO -> SUJETO .)
    VERBOS          reduce using rule 2 (TEXTO -> SUJETO .)
    ADJETIVO        reduce using rule 2 (TEXTO -> SUJETO .)
    ADVERBIOS       reduce using rule 2 (TEXTO -> SUJETO .)
    PREPOSICIONES   reduce using rule 2 (TEXTO -> SUJETO .)
    ARTICULOS       reduce using rule 2 (TEXTO -> SUJETO .)
    DEMOSTRATIVOS   reduce using rule 2 (TEXTO -> SUJETO .)
    POSESIVOS       reduce using rule 2 (TEXTO -> SUJETO .)
    $end            reduce using rule 2 (TEXTO -> SUJETO .)


state 15

    (12) oracion -> SUJETO VERBOS .
    (14) oracion -> SUJETO VERBOS . TEXTO
    (16) oracion -> SUJETO VERBOS . TEXTO TEXTO
    (18) oracion -> SUJETO VERBOS . TEXTO TEXTO TEXTO
    (20) oracion -> SUJETO VERBOS . TEXTO TEXTO TEXTO TEXTO
    (2) TEXTO -> . SUJETO
    (3) TEXTO -> . PRONOMBRES
    (4) TEXTO -> . SUSTANTIVOS
    (5) TEXTO -> . VERBOS
    (6) TEXTO -> . ADJETIVO
    (7) TEXTO -> . ADVERBIOS
    (8) TEXTO -> . PREPOSICIONES
    (9) TEXTO -> . ARTICULOS
    (10) TEXTO -> . DEMOSTRATIVOS
    (11) TEXTO -> . POSESIVOS

    $end            reduce using rule 12 (oracion -> SUJETO VERBOS .)
    SUJETO          shift and go to state 14
    PRONOMBRES      shift and go to state 5
    SUSTANTIVOS     shift and go to state 6
    VERBOS          shift and go to state 4
    ADJETIVO        shift and go to state 7
    ADVERBIOS       shift and go to state 8
    PREPOSICIONES   shift and go to state 9
    ARTICULOS       shift and go to state 10
    DEMOSTRATIVOS   shift and go to state 11
    POSESIVOS       shift and go to state 12

    TEXTO                          shift and go to state 17

state 16

    (15) oracion -> TEXTO TEXTO TEXTO .
    (17) oracion -> TEXTO TEXTO TEXTO . TEXTO
    (19) oracion -> TEXTO TEXTO TEXTO . TEXTO TEXTO
    (21) oracion -> TEXTO TEXTO TEXTO . TEXTO TEXTO TEXTO
    (2) TEXTO -> . SUJETO
    (3) TEXTO -> . PRONOMBRES
    (4) TEXTO -> . SUSTANTIVOS
    (5) TEXTO -> . VERBOS
    (6) TEXTO -> . ADJETIVO
    (7) TEXTO -> . ADVERBIOS
    (8) TEXTO -> . PREPOSICIONES
    (9) TEXTO -> . ARTICULOS
    (10) TEXTO -> . DEMOSTRATIVOS
    (11) TEXTO -> . POSESIVOS

    $end            reduce using rule 15 (oracion -> TEXTO TEXTO TEXTO .)
    SUJETO          shift and go to state 14
    PRONOMBRES      shift and go to state 5
    SUSTANTIVOS     shift and go to state 6
    VERBOS          shift and go to state 4
    ADJETIVO        shift and go to state 7
    ADVERBIOS       shift and go to state 8
    PREPOSICIONES   shift and go to state 9
    ARTICULOS       shift and go to state 10
    DEMOSTRATIVOS   shift and go to state 11
    POSESIVOS       shift and go to state 12

    TEXTO                          shift and go to state 18

state 17

    (14) oracion -> SUJETO VERBOS TEXTO .
    (16) oracion -> SUJETO VERBOS TEXTO . TEXTO
    (18) oracion -> SUJETO VERBOS TEXTO . TEXTO TEXTO
    (20) oracion -> SUJETO VERBOS TEXTO . TEXTO TEXTO TEXTO
    (2) TEXTO -> . SUJETO
    (3) TEXTO -> . PRONOMBRES
    (4) TEXTO -> . SUSTANTIVOS
    (5) TEXTO -> . VERBOS
    (6) TEXTO -> . ADJETIVO
    (7) TEXTO -> . ADVERBIOS
    (8) TEXTO -> . PREPOSICIONES
    (9) TEXTO -> . ARTICULOS
    (10) TEXTO -> . DEMOSTRATIVOS
    (11) TEXTO -> . POSESIVOS

    $end            reduce using rule 14 (oracion -> SUJETO VERBOS TEXTO .)
    SUJETO          shift and go to state 14
    PRONOMBRES      shift and go to state 5
    SUSTANTIVOS     shift and go to state 6
    VERBOS          shift and go to state 4
    ADJETIVO        shift and go to state 7
    ADVERBIOS       shift and go to state 8
    PREPOSICIONES   shift and go to state 9
    ARTICULOS       shift and go to state 10
    DEMOSTRATIVOS   shift and go to state 11
    POSESIVOS       shift and go to state 12

    TEXTO                          shift and go to state 19

state 18

    (17) oracion -> TEXTO TEXTO TEXTO TEXTO .
    (19) oracion -> TEXTO TEXTO TEXTO TEXTO . TEXTO
    (21) oracion -> TEXTO TEXTO TEXTO TEXTO . TEXTO TEXTO
    (2) TEXTO -> . SUJETO
    (3) TEXTO -> . PRONOMBRES
    (4) TEXTO -> . SUSTANTIVOS
    (5) TEXTO -> . VERBOS
    (6) TEXTO -> . ADJETIVO
    (7) TEXTO -> . ADVERBIOS
    (8) TEXTO -> . PREPOSICIONES
    (9) TEXTO -> . ARTICULOS
    (10) TEXTO -> . DEMOSTRATIVOS
    (11) TEXTO -> . POSESIVOS

    $end            reduce using rule 17 (oracion -> TEXTO TEXTO TEXTO TEXTO .)
    SUJETO          shift and go to state 14
    PRONOMBRES      shift and go to state 5
    SUSTANTIVOS     shift and go to state 6
    VERBOS          shift and go to state 4
    ADJETIVO        shift and go to state 7
    ADVERBIOS       shift and go to state 8
    PREPOSICIONES   shift and go to state 9
    ARTICULOS       shift and go to state 10
    DEMOSTRATIVOS   shift and go to state 11
    POSESIVOS       shift and go to state 12

    TEXTO                          shift and go to state 20

state 19

    (16) oracion -> SUJETO VERBOS TEXTO TEXTO .
    (18) oracion -> SUJETO VERBOS TEXTO TEXTO . TEXTO
    (20) oracion -> SUJETO VERBOS TEXTO TEXTO . TEXTO TEXTO
    (2) TEXTO -> . SUJETO
    (3) TEXTO -> . PRONOMBRES
    (4) TEXTO -> . SUSTANTIVOS
    (5) TEXTO -> . VERBOS
    (6) TEXTO -> . ADJETIVO
    (7) TEXTO -> . ADVERBIOS
    (8) TEXTO -> . PREPOSICIONES
    (9) TEXTO -> . ARTICULOS
    (10) TEXTO -> . DEMOSTRATIVOS
    (11) TEXTO -> . POSESIVOS

    $end            reduce using rule 16 (oracion -> SUJETO VERBOS TEXTO TEXTO .)
    SUJETO          shift and go to state 14
    PRONOMBRES      shift and go to state 5
    SUSTANTIVOS     shift and go to state 6
    VERBOS          shift and go to state 4
    ADJETIVO        shift and go to state 7
    ADVERBIOS       shift and go to state 8
    PREPOSICIONES   shift and go to state 9
    ARTICULOS       shift and go to state 10
    DEMOSTRATIVOS   shift and go to state 11
    POSESIVOS       shift and go to state 12

    TEXTO                          shift and go to state 21

state 20

    (19) oracion -> TEXTO TEXTO TEXTO TEXTO TEXTO .
    (21) oracion -> TEXTO TEXTO TEXTO TEXTO TEXTO . TEXTO
    (2) TEXTO -> . SUJETO
    (3) TEXTO -> . PRONOMBRES
    (4) TEXTO -> . SUSTANTIVOS
    (5) TEXTO -> . VERBOS
    (6) TEXTO -> . ADJETIVO
    (7) TEXTO -> . ADVERBIOS
    (8) TEXTO -> . PREPOSICIONES
    (9) TEXTO -> . ARTICULOS
    (10) TEXTO -> . DEMOSTRATIVOS
    (11) TEXTO -> . POSESIVOS

    $end            reduce using rule 19 (oracion -> TEXTO TEXTO TEXTO TEXTO TEXTO .)
    SUJETO          shift and go to state 14
    PRONOMBRES      shift and go to state 5
    SUSTANTIVOS     shift and go to state 6
    VERBOS          shift and go to state 4
    ADJETIVO        shift and go to state 7
    ADVERBIOS       shift and go to state 8
    PREPOSICIONES   shift and go to state 9
    ARTICULOS       shift and go to state 10
    DEMOSTRATIVOS   shift and go to state 11
    POSESIVOS       shift and go to state 12

    TEXTO                          shift and go to state 22

state 21

    (18) oracion -> SUJETO VERBOS TEXTO TEXTO TEXTO .
    (20) oracion -> SUJETO VERBOS TEXTO TEXTO TEXTO . TEXTO
    (2) TEXTO -> . SUJETO
    (3) TEXTO -> . PRONOMBRES
    (4) TEXTO -> . SUSTANTIVOS
    (5) TEXTO -> . VERBOS
    (6) TEXTO -> . ADJETIVO
    (7) TEXTO -> . ADVERBIOS
    (8) TEXTO -> . PREPOSICIONES
    (9) TEXTO -> . ARTICULOS
    (10) TEXTO -> . DEMOSTRATIVOS
    (11) TEXTO -> . POSESIVOS

    $end            reduce using rule 18 (oracion -> SUJETO VERBOS TEXTO TEXTO TEXTO .)
    SUJETO          shift and go to state 14
    PRONOMBRES      shift and go to state 5
    SUSTANTIVOS     shift and go to state 6
    VERBOS          shift and go to state 4
    ADJETIVO        shift and go to state 7
    ADVERBIOS       shift and go to state 8
    PREPOSICIONES   shift and go to state 9
    ARTICULOS       shift and go to state 10
    DEMOSTRATIVOS   shift and go to state 11
    POSESIVOS       shift and go to state 12

    TEXTO                          shift and go to state 23

state 22

    (21) oracion -> TEXTO TEXTO TEXTO TEXTO TEXTO TEXTO .

    $end            reduce using rule 21 (oracion -> TEXTO TEXTO TEXTO TEXTO TEXTO TEXTO .)


state 23

    (20) oracion -> SUJETO VERBOS TEXTO TEXTO TEXTO TEXTO .

    $end            reduce using rule 20 (oracion -> SUJETO VERBOS TEXTO TEXTO TEXTO TEXTO .)

WARNING: 
WARNING: Conflicts:
WARNING: 
WARNING: shift/reduce conflict for VERBOS in state 3 resolved as shift
